<?xml version="1.0" encoding="UTF-8"?>
<testng-results ignored="0" total="1" passed="1" failed="0" skipped="0">
  <reporter-output>
  </reporter-output>
  <suite started-at="2022-05-08T21:45:08 IST" name="Default suite" finished-at="2022-05-08T21:45:41 IST" duration-ms="33069">
    <groups>
      <group name="smokeTest">
        <method signature="Create_Contact_Test.createContact()[pri:0, instance:com.crm.autodesk.contact.test.Create_Contact_Test@4f80542f]" name="createContact" class="com.crm.autodesk.contact.test.Create_Contact_Test"/>
      </group> <!-- smokeTest -->
    </groups>
    <test started-at="2022-05-08T21:45:08 IST" name="Default test" finished-at="2022-05-08T21:45:41 IST" duration-ms="33069">
      <class name="com.crm.autodesk.contact.test.Create_Contact_Test">
        <test-method is-config="true" signature="bSuite()[pri:0, instance:com.crm.autodesk.contact.test.Create_Contact_Test@4f80542f]" started-at="2022-05-08T21:45:08 IST" name="bSuite" finished-at="2022-05-08T21:45:08 IST" duration-ms="11" status="PASS">
          <reporter-output>
          </reporter-output>
        </test-method> <!-- bSuite -->
        <test-method is-config="true" signature="bTest()[pri:0, instance:com.crm.autodesk.contact.test.Create_Contact_Test@4f80542f]" started-at="2022-05-08T21:45:08 IST" name="bTest" finished-at="2022-05-08T21:45:08 IST" duration-ms="0" status="PASS">
          <reporter-output>
          </reporter-output>
        </test-method> <!-- bTest -->
        <test-method is-config="true" signature="bc()[pri:0, instance:com.crm.autodesk.contact.test.Create_Contact_Test@4f80542f]" started-at="2022-05-08T21:45:08 IST" name="bc" finished-at="2022-05-08T21:45:13 IST" duration-ms="4807" status="PASS">
          <reporter-output>
          </reporter-output>
        </test-method> <!-- bc -->
        <test-method is-config="true" signature="bMethod()[pri:0, instance:com.crm.autodesk.contact.test.Create_Contact_Test@4f80542f]" started-at="2022-05-08T21:45:13 IST" name="bMethod" finished-at="2022-05-08T21:45:18 IST" duration-ms="4916" status="PASS">
          <reporter-output>
          </reporter-output>
        </test-method> <!-- bMethod -->
        <test-method signature="createContact()[pri:0, instance:com.crm.autodesk.contact.test.Create_Contact_Test@4f80542f]" started-at="2022-05-08T21:45:18 IST" name="createContact" finished-at="2022-05-08T21:45:38 IST" duration-ms="20331" status="PASS">
          <reporter-output>
          </reporter-output>
        </test-method> <!-- createContact -->
        <test-method is-config="true" signature="aMethod()[pri:0, instance:com.crm.autodesk.contact.test.Create_Contact_Test@4f80542f]" started-at="2022-05-08T21:45:38 IST" name="aMethod" finished-at="2022-05-08T21:45:41 IST" duration-ms="2424" status="PASS">
          <reporter-output>
          </reporter-output>
        </test-method> <!-- aMethod -->
        <test-method is-config="true" signature="aClass()[pri:0, instance:com.crm.autodesk.contact.test.Create_Contact_Test@4f80542f]" started-at="2022-05-08T21:45:41 IST" name="aClass" finished-at="2022-05-08T21:45:41 IST" duration-ms="537" status="PASS">
          <reporter-output>
          </reporter-output>
        </test-method> <!-- aClass -->
        <test-method is-config="true" signature="aTest()[pri:0, instance:com.crm.autodesk.contact.test.Create_Contact_Test@4f80542f]" started-at="2022-05-08T21:45:41 IST" name="aTest" finished-at="2022-05-08T21:45:41 IST" duration-ms="0" status="PASS">
          <reporter-output>
          </reporter-output>
        </test-method> <!-- aTest -->
        <test-method is-config="true" signature="aSuite()[pri:0, instance:com.crm.autodesk.contact.test.Create_Contact_Test@4f80542f]" started-at="2022-05-08T21:45:41 IST" name="aSuite" finished-at="2022-05-08T21:45:41 IST" duration-ms="0" status="PASS">
          <reporter-output>
          </reporter-output>
        </test-method> <!-- aSuite -->
      </class> <!-- com.crm.autodesk.contact.test.Create_Contact_Test -->
    </test> <!-- Default test -->
  </suite> <!-- Default suite -->
</testng-results>
