<?xml version="1.0" encoding="UTF-8"?>
<!-- Generated by org.testng.reporters.JUnitXMLReporter -->
<testsuite ignored="20" hostname="Omprakash" failures="0" tests="6" name="ChromeBrowser" time="61.936" errors="0" timestamp="2022-03-27T10:20:57 IST">
  <testcase classname="com.crm.autodesk.contact.test.Create_Contact_Test" name="createContact" time="20.958"/>
  <testcase classname="com.crm.autodesk.organization.test.Create_Organization_Test" name="createOrganization" time="24.116"/>
  <testcase classname="com.crm.autodesk.organization.test.Create_Org_With_Education_Test" name="createOrgWithEducationIndustry" time="24.339"/>
  <testcase classname="com.crm.autodesk.campaign.test.Create_Campaign_With_Product_Test" name="createCampaignWithProduct" time="37.918"/>
  <testcase classname="com.crm.autodesk.contact.test.Create_Contact_With_Org_Test" name="createContactWithOrg" time="39.919"/>
  <testcase classname="com.crm.autodesk.product.test.Create_Product_Test" name="createProduct" time="12.823"/>
  <testcase classname="com.crm.autodesk.genericutility.BaseClass" name="@BeforeTest bTest" time="0.0">
    <ignored/>
  </testcase> <!-- @BeforeTest bTest -->
  <testcase classname="com.crm.autodesk.genericutility.BaseClass" name="@BeforeTest bTest" time="0.0">
    <ignored/>
  </testcase> <!-- @BeforeTest bTest -->
  <testcase classname="com.crm.autodesk.genericutility.BaseClass" name="@BeforeTest bTest" time="0.0">
    <ignored/>
  </testcase> <!-- @BeforeTest bTest -->
  <testcase classname="com.crm.autodesk.genericutility.BaseClass" name="@BeforeTest bTest" time="0.0">
    <ignored/>
  </testcase> <!-- @BeforeTest bTest -->
  <testcase classname="com.crm.autodesk.genericutility.BaseClass" name="@BeforeTest bTest" time="0.0">
    <ignored/>
  </testcase> <!-- @BeforeTest bTest -->
  <testcase classname="com.crm.autodesk.genericutility.BaseClass" name="@BeforeSuite bSuite" time="0.0">
    <ignored/>
  </testcase> <!-- @BeforeSuite bSuite -->
  <testcase classname="com.crm.autodesk.genericutility.BaseClass" name="@BeforeSuite bSuite" time="0.0">
    <ignored/>
  </testcase> <!-- @BeforeSuite bSuite -->
  <testcase classname="com.crm.autodesk.genericutility.BaseClass" name="@BeforeSuite bSuite" time="0.0">
    <ignored/>
  </testcase> <!-- @BeforeSuite bSuite -->
  <testcase classname="com.crm.autodesk.genericutility.BaseClass" name="@BeforeSuite bSuite" time="0.0">
    <ignored/>
  </testcase> <!-- @BeforeSuite bSuite -->
  <testcase classname="com.crm.autodesk.genericutility.BaseClass" name="@BeforeSuite bSuite" time="0.0">
    <ignored/>
  </testcase> <!-- @BeforeSuite bSuite -->
  <testcase classname="com.crm.autodesk.genericutility.BaseClass" name="@AfterTest aTest" time="0.0">
    <ignored/>
  </testcase> <!-- @AfterTest aTest -->
  <testcase classname="com.crm.autodesk.genericutility.BaseClass" name="@AfterTest aTest" time="0.0">
    <ignored/>
  </testcase> <!-- @AfterTest aTest -->
  <testcase classname="com.crm.autodesk.genericutility.BaseClass" name="@AfterTest aTest" time="0.0">
    <ignored/>
  </testcase> <!-- @AfterTest aTest -->
  <testcase classname="com.crm.autodesk.genericutility.BaseClass" name="@AfterTest aTest" time="0.0">
    <ignored/>
  </testcase> <!-- @AfterTest aTest -->
  <testcase classname="com.crm.autodesk.genericutility.BaseClass" name="@AfterTest aTest" time="0.0">
    <ignored/>
  </testcase> <!-- @AfterTest aTest -->
  <testcase classname="com.crm.autodesk.genericutility.BaseClass" name="@AfterSuite aSuite" time="0.0">
    <ignored/>
  </testcase> <!-- @AfterSuite aSuite -->
  <testcase classname="com.crm.autodesk.genericutility.BaseClass" name="@AfterSuite aSuite" time="0.0">
    <ignored/>
  </testcase> <!-- @AfterSuite aSuite -->
  <testcase classname="com.crm.autodesk.genericutility.BaseClass" name="@AfterSuite aSuite" time="0.0">
    <ignored/>
  </testcase> <!-- @AfterSuite aSuite -->
  <testcase classname="com.crm.autodesk.genericutility.BaseClass" name="@AfterSuite aSuite" time="0.0">
    <ignored/>
  </testcase> <!-- @AfterSuite aSuite -->
  <testcase classname="com.crm.autodesk.genericutility.BaseClass" name="@AfterSuite aSuite" time="0.0">
    <ignored/>
  </testcase> <!-- @AfterSuite aSuite -->
</testsuite> <!-- ChromeBrowser -->
